<?xml version="1.0" encoding="UTF-8"?>
<!-- Generated by org.testng.reporters.JUnitXMLReporter -->
<testsuite ignored="3" hostname="DESKTOP-33C0BU9" failures="0" tests="9" name="Default test" time="73.662" errors="0" timestamp="2024-09-11T14:15:22 IST">
  <testcase classname="api.test.datadriven.user.Put_API_Tests" name="PutTest4" time="11.299"/>
  <testcase classname="api.test.datadriven.user.Put_API_Tests" name="PutTest4" time="7.478"/>
  <testcase classname="api.test.datadriven.user.Put_API_Tests" name="PutTest4" time="7.21"/>
  <testcase classname="api.test.datadriven.user.Put_API_Tests" name="PutTest4" time="7.352"/>
  <testcase classname="api.test.datadriven.user.Put_API_Tests" name="PutTest4" time="7.486"/>
  <testcase classname="api.test.datadriven.user.Put_API_Tests" name="PutTest4" time="7.167"/>
  <testcase classname="api.test.datadriven.user.Put_API_Tests" name="PutTest4" time="7.301"/>
  <testcase classname="api.test.datadriven.user.Put_API_Tests" name="PutTest4" time="7.426"/>
  <testcase classname="api.test.datadriven.user.Put_API_Tests" name="PutTest4" time="7.386"/>
  <testcase classname="api.test.datadriven.user.Put_API_Tests" name="PutTest3" time="0.0">
    <ignored/>
  </testcase> <!-- PutTest3 -->
  <testcase classname="api.test.datadriven.user.Put_API_Tests" name="PutTest1" time="0.0">
    <ignored/>
  </testcase> <!-- PutTest1 -->
  <testcase classname="api.test.datadriven.user.Put_API_Tests" name="PutTest2" time="0.0">
    <ignored/>
  </testcase> <!-- PutTest2 -->
</testsuite> <!-- Default test -->
