<?xml version="1.0" encoding="UTF-8"?>
<!-- Generated by org.testng.reporters.JUnitXMLReporter -->
<testsuite ignored="0" hostname="DESKTOP-33C0BU9" failures="0" tests="27" name="GET API" time="68.027" errors="0" timestamp="2024-09-11T15:24:38 IST">
  <testcase classname="api.test.datadriven.user.Get_API_Tests" name="GetTest1" time="2.49"/>
  <testcase classname="api.test.datadriven.user.Get_API_Tests" name="GetTest1" time="2.465"/>
  <testcase classname="api.test.datadriven.user.Get_API_Tests" name="GetTest1" time="2.396"/>
  <testcase classname="api.test.datadriven.user.Get_API_Tests" name="GetTest1" time="2.325"/>
  <testcase classname="api.test.datadriven.user.Get_API_Tests" name="GetTest1" time="2.32"/>
  <testcase classname="api.test.datadriven.user.Get_API_Tests" name="GetTest1" time="2.41"/>
  <testcase classname="api.test.datadriven.user.Get_API_Tests" name="GetTest1" time="2.436"/>
  <testcase classname="api.test.datadriven.user.Get_API_Tests" name="GetTest1" time="2.367"/>
  <testcase classname="api.test.datadriven.user.Get_API_Tests" name="GetTest1" time="2.492"/>
  <testcase classname="api.test.datadriven.user.Get_API_Tests" name="GetTest2" time="2.38"/>
  <testcase classname="api.test.datadriven.user.Get_API_Tests" name="GetTest2" time="2.369"/>
  <testcase classname="api.test.datadriven.user.Get_API_Tests" name="GetTest2" time="2.481"/>
  <testcase classname="api.test.datadriven.user.Get_API_Tests" name="GetTest2" time="2.451"/>
  <testcase classname="api.test.datadriven.user.Get_API_Tests" name="GetTest2" time="2.488"/>
  <testcase classname="api.test.datadriven.user.Get_API_Tests" name="GetTest2" time="2.361"/>
  <testcase classname="api.test.datadriven.user.Get_API_Tests" name="GetTest2" time="2.36"/>
  <testcase classname="api.test.datadriven.user.Get_API_Tests" name="GetTest2" time="2.449"/>
  <testcase classname="api.test.datadriven.user.Get_API_Tests" name="GetTest2" time="2.447"/>
  <testcase classname="api.test.datadriven.user.Get_API_Tests" name="GetTest3" time="2.476"/>
  <testcase classname="api.test.datadriven.user.Get_API_Tests" name="GetTest3" time="2.444"/>
  <testcase classname="api.test.datadriven.user.Get_API_Tests" name="GetTest3" time="2.421"/>
  <testcase classname="api.test.datadriven.user.Get_API_Tests" name="GetTest3" time="2.481"/>
  <testcase classname="api.test.datadriven.user.Get_API_Tests" name="GetTest3" time="2.516"/>
  <testcase classname="api.test.datadriven.user.Get_API_Tests" name="GetTest3" time="2.57"/>
  <testcase classname="api.test.datadriven.user.Get_API_Tests" name="GetTest3" time="2.597"/>
  <testcase classname="api.test.datadriven.user.Get_API_Tests" name="GetTest3" time="2.512"/>
  <testcase classname="api.test.datadriven.user.Get_API_Tests" name="GetTest3" time="2.418"/>
</testsuite> <!-- GET API -->
