<?xml version="1.0" encoding="UTF-8"?>
<!-- Generated by org.testng.reporters.JUnitXMLReporter -->
<testsuite ignored="0" hostname="DESKTOP-33C0BU9" failures="0" tests="27" name="POST API" time="43.027" errors="0" timestamp="2024-09-11T15:23:30 IST">
  <testcase classname="api.test.datadriven.user.Post_API_Tests" name="PostTest1" time="4.091"/>
  <testcase classname="api.test.datadriven.user.Post_API_Tests" name="PostTest1" time="1.202"/>
  <testcase classname="api.test.datadriven.user.Post_API_Tests" name="PostTest1" time="1.176"/>
  <testcase classname="api.test.datadriven.user.Post_API_Tests" name="PostTest1" time="1.205"/>
  <testcase classname="api.test.datadriven.user.Post_API_Tests" name="PostTest1" time="1.22"/>
  <testcase classname="api.test.datadriven.user.Post_API_Tests" name="PostTest1" time="1.266"/>
  <testcase classname="api.test.datadriven.user.Post_API_Tests" name="PostTest1" time="1.298"/>
  <testcase classname="api.test.datadriven.user.Post_API_Tests" name="PostTest1" time="1.201"/>
  <testcase classname="api.test.datadriven.user.Post_API_Tests" name="PostTest1" time="1.21"/>
  <testcase classname="api.test.datadriven.user.Post_API_Tests" name="PostTest2" time="1.22"/>
  <testcase classname="api.test.datadriven.user.Post_API_Tests" name="PostTest2" time="1.197"/>
  <testcase classname="api.test.datadriven.user.Post_API_Tests" name="PostTest2" time="1.186"/>
  <testcase classname="api.test.datadriven.user.Post_API_Tests" name="PostTest2" time="1.208"/>
  <testcase classname="api.test.datadriven.user.Post_API_Tests" name="PostTest2" time="1.232"/>
  <testcase classname="api.test.datadriven.user.Post_API_Tests" name="PostTest2" time="1.238"/>
  <testcase classname="api.test.datadriven.user.Post_API_Tests" name="PostTest2" time="1.239"/>
  <testcase classname="api.test.datadriven.user.Post_API_Tests" name="PostTest2" time="1.216"/>
  <testcase classname="api.test.datadriven.user.Post_API_Tests" name="PostTest2" time="1.306"/>
  <testcase classname="api.test.datadriven.user.Post_API_Tests" name="PostTest3" time="2.339"/>
  <testcase classname="api.test.datadriven.user.Post_API_Tests" name="PostTest3" time="1.279"/>
  <testcase classname="api.test.datadriven.user.Post_API_Tests" name="PostTest3" time="1.233"/>
  <testcase classname="api.test.datadriven.user.Post_API_Tests" name="PostTest3" time="1.224"/>
  <testcase classname="api.test.datadriven.user.Post_API_Tests" name="PostTest3" time="1.267"/>
  <testcase classname="api.test.datadriven.user.Post_API_Tests" name="PostTest3" time="1.274"/>
  <testcase classname="api.test.datadriven.user.Post_API_Tests" name="PostTest3" time="1.267"/>
  <testcase classname="api.test.datadriven.user.Post_API_Tests" name="PostTest3" time="1.189"/>
  <testcase classname="api.test.datadriven.user.Post_API_Tests" name="PostTest3" time="1.204"/>
</testsuite> <!-- POST API -->
