<?xml version="1.0" encoding="UTF-8"?>
<!-- Generated by org.testng.reporters.JUnitXMLReporter -->
<testsuite ignored="2" hostname="DESKTOP-33C0BU9" failures="1" tests="11" name="Test" time="43.004" errors="0" timestamp="2024-09-10T22:04:03 IST">
  <testcase classname="api.tests.user.Delete_API_Tests" name="DeleteTest1" time="5.849"/>
  <testcase classname="api.tests.user.Delete_API_Tests" name="DeleteTest2" time="2.547"/>
  <testcase classname="api.tests.user.Delete_API_Tests" name="DeleteTest3" time="3.423"/>
  <testcase classname="api.tests.user.Put_API_Tests" name="PutTest1" time="4.789"/>
  <testcase classname="api.tests.user.Put_API_Tests" name="PutTest2" time="4.847"/>
  <testcase classname="api.tests.user.Put_API_Tests" name="PutTest3" time="5.006"/>
  <testcase classname="api.tests.user.Put_API_Tests" name="PutTest4" time="7.438"/>
  <testcase classname="api.tests.user.Get_API_Tests" name="GetTest1" time="2.483"/>
  <testcase classname="api.tests.user.Get_API_Tests" name="GetTest2" time="2.387"/>
  <testcase classname="api.tests.user.Get_API_Tests" name="GetTest3" time="2.506"/>
  <testcase classname="api.tests.user.Post_API_Tests" name="PostTest1" time="1.231">
    <failure type="java.lang.AssertionError" message="Assertion 1">
      <![CDATA[java.lang.AssertionError: Assertion 1
at org.hamcrest.MatcherAssert.assertThat(MatcherAssert.java:26)
at api.tests.user.Post_API_Tests.PostTest1(Post_API_Tests.java:66)
at java.base/java.util.ArrayList.forEach(ArrayList.java:1597)
... Removed 25 stack frames]]>
    </failure>
  </testcase> <!-- PostTest1 -->
  <testcase classname="api.tests.user.Post_API_Tests" name="PostTest2" time="0.0">
    <ignored/>
  </testcase> <!-- PostTest2 -->
  <testcase classname="api.tests.user.Post_API_Tests" name="PostTest3" time="0.0">
    <ignored/>
  </testcase> <!-- PostTest3 -->
</testsuite> <!-- Test -->
