<?xml version="1.0" encoding="UTF-8"?>
<testng-results ignored="0" total="117" passed="108" failed="9" skipped="0">
  <reporter-output>
  </reporter-output>
  <suite started-at="2024-09-11T14:20:26 IST" name="Suite" finished-at="2024-09-11T14:27:39 IST" duration-ms="432433">
    <groups>
      <group name="Functional">
        <method signature="Post_API_Tests.PostTest1(java.lang.String,java.lang.String,java.lang.String,java.lang.String,java.lang.String,java.lang.String,java.lang.String,java.lang.String)[pri:1, instance:api.test.datadriven.user.Post_API_Tests@459e9125]" name="PostTest1" class="api.test.datadriven.user.Post_API_Tests"/>
        <method signature="Post_API_Tests.PostTest3(java.lang.String,java.lang.String,java.lang.String,java.lang.String,java.lang.String,java.lang.String,java.lang.String,java.lang.String)[pri:3, instance:api.test.datadriven.user.Post_API_Tests@459e9125]" name="PostTest3" class="api.test.datadriven.user.Post_API_Tests"/>
        <method signature="Get_API_Tests.GetTest1(java.lang.String,java.lang.String,java.lang.String,java.lang.String,java.lang.String,java.lang.String,java.lang.String,java.lang.String)[pri:1, instance:api.test.datadriven.user.Get_API_Tests@3bf7ca37]" name="GetTest1" class="api.test.datadriven.user.Get_API_Tests"/>
        <method signature="Get_API_Tests.GetTest3(java.lang.String,java.lang.String,java.lang.String,java.lang.String,java.lang.String,java.lang.String,java.lang.String,java.lang.String)[pri:3, instance:api.test.datadriven.user.Get_API_Tests@3bf7ca37]" name="GetTest3" class="api.test.datadriven.user.Get_API_Tests"/>
        <method signature="Put_API_Tests.PutTest2(java.lang.String,java.lang.String,java.lang.String,java.lang.String,java.lang.String,java.lang.String,java.lang.String,java.lang.String)[pri:2, instance:api.test.datadriven.user.Put_API_Tests@302552ec]" name="PutTest2" class="api.test.datadriven.user.Put_API_Tests"/>
        <method signature="Put_API_Tests.PutTest3(java.lang.String,java.lang.String,java.lang.String,java.lang.String,java.lang.String,java.lang.String,java.lang.String,java.lang.String)[pri:3, instance:api.test.datadriven.user.Put_API_Tests@302552ec]" name="PutTest3" class="api.test.datadriven.user.Put_API_Tests"/>
        <method signature="Delete_API_Tests.DeleteTest1(java.lang.String,java.lang.String,java.lang.String,java.lang.String,java.lang.String,java.lang.String,java.lang.String,java.lang.String)[pri:1, instance:api.test.datadriven.user.Delete_API_Tests@55fe41ea]" name="DeleteTest1" class="api.test.datadriven.user.Delete_API_Tests"/>
        <method signature="Delete_API_Tests.DeleteTest3(java.lang.String,java.lang.String,java.lang.String,java.lang.String,java.lang.String,java.lang.String,java.lang.String,java.lang.String)[pri:3, instance:api.test.datadriven.user.Delete_API_Tests@55fe41ea]" name="DeleteTest3" class="api.test.datadriven.user.Delete_API_Tests"/>
      </group> <!-- Functional -->
      <group name="Regression">
        <method signature="Post_API_Tests.PostTest2(java.lang.String,java.lang.String,java.lang.String,java.lang.String,java.lang.String,java.lang.String,java.lang.String,java.lang.String)[pri:2, instance:api.test.datadriven.user.Post_API_Tests@459e9125]" name="PostTest2" class="api.test.datadriven.user.Post_API_Tests"/>
        <method signature="Get_API_Tests.GetTest2(java.lang.String,java.lang.String,java.lang.String,java.lang.String,java.lang.String,java.lang.String,java.lang.String,java.lang.String)[pri:2, instance:api.test.datadriven.user.Get_API_Tests@3bf7ca37]" name="GetTest2" class="api.test.datadriven.user.Get_API_Tests"/>
        <method signature="Put_API_Tests.PutTest1(java.lang.String,java.lang.String,java.lang.String,java.lang.String,java.lang.String,java.lang.String,java.lang.String,java.lang.String)[pri:1, instance:api.test.datadriven.user.Put_API_Tests@302552ec]" name="PutTest1" class="api.test.datadriven.user.Put_API_Tests"/>
        <method signature="Put_API_Tests.PutTest4(java.lang.String,java.lang.String,java.lang.String,java.lang.String,java.lang.String,java.lang.String,java.lang.String,java.lang.String)[pri:4, instance:api.test.datadriven.user.Put_API_Tests@302552ec]" name="PutTest4" class="api.test.datadriven.user.Put_API_Tests"/>
        <method signature="Delete_API_Tests.DeleteTest2(java.lang.String,java.lang.String,java.lang.String,java.lang.String,java.lang.String,java.lang.String,java.lang.String,java.lang.String)[pri:2, instance:api.test.datadriven.user.Delete_API_Tests@55fe41ea]" name="DeleteTest2" class="api.test.datadriven.user.Delete_API_Tests"/>
      </group> <!-- Regression -->
    </groups>
    <test started-at="2024-09-11T14:20:26 IST" name="POST API" finished-at="2024-09-11T14:21:25 IST" duration-ms="58466">
      <class name="api.test.datadriven.user.Post_API_Tests">
        <test-method signature="PostTest1(java.lang.String,java.lang.String,java.lang.String,java.lang.String,java.lang.String,java.lang.String,java.lang.String,java.lang.String)[pri:1, instance:api.test.datadriven.user.Post_API_Tests@459e9125]" started-at="2024-09-11T14:20:31 IST" name="PostTest1" description="Validate that response code falls in 2XX category" data-provider="AllData" finished-at="2024-09-11T14:20:37 IST" duration-ms="5935" status="FAIL">
          <params>
            <param index="0">
              <value>
                <![CDATA[101]]>
              </value>
            </param>
            <param index="1">
              <value>
                <![CDATA[testfirst1]]>
              </value>
            </param>
            <param index="2">
              <value>
                <![CDATA[testlast1]]>
              </value>
            </param>
            <param index="3">
              <value>
                <![CDATA[testuser1]]>
              </value>
            </param>
            <param index="4">
              <value>
                <![CDATA[test1@gmail.com]]>
              </value>
            </param>
            <param index="5">
              <value>
                <![CDATA[pass1]]>
              </value>
            </param>
            <param index="6">
              <value>
                <![CDATA[9878686867]]>
              </value>
            </param>
            <param index="7">
              <value>
                <![CDATA[0]]>
              </value>
            </param>
          </params>
          <exception class="java.lang.AssertionError">
            <message>
              <![CDATA[Assertion 1]]>
            </message>
            <full-stacktrace>
              <![CDATA[java.lang.AssertionError: Assertion 1
at org.hamcrest.MatcherAssert.assertThat(MatcherAssert.java:26)
at api.test.datadriven.user.Post_API_Tests.PostTest1(Post_API_Tests.java:69)
at java.base/jdk.internal.reflect.DirectMethodHandleAccessor.invoke(DirectMethodHandleAccessor.java:103)
at java.base/java.lang.reflect.Method.invoke(Method.java:580)
at org.testng.internal.invokers.MethodInvocationHelper.invokeMethod(MethodInvocationHelper.java:141)
at org.testng.internal.invokers.TestInvoker.invokeMethod(TestInvoker.java:686)
at org.testng.internal.invokers.TestInvoker.invokeTestMethod(TestInvoker.java:230)
at org.testng.internal.invokers.MethodRunner.runInSequence(MethodRunner.java:63)
at org.testng.internal.invokers.TestInvoker$MethodInvocationAgent.invoke(TestInvoker.java:992)
at org.testng.internal.invokers.TestInvoker.invokeTestMethods(TestInvoker.java:203)
at org.testng.internal.invokers.TestMethodWorker.invokeTestMethods(TestMethodWorker.java:154)
at org.testng.internal.invokers.TestMethodWorker.run(TestMethodWorker.java:134)
at java.base/java.util.ArrayList.forEach(ArrayList.java:1597)
at org.testng.TestRunner.privateRun(TestRunner.java:739)
at org.testng.TestRunner.run(TestRunner.java:614)
at org.testng.SuiteRunner.runTest(SuiteRunner.java:421)
at org.testng.SuiteRunner.runSequentially(SuiteRunner.java:413)
at org.testng.SuiteRunner.privateRun(SuiteRunner.java:373)
at org.testng.SuiteRunner.run(SuiteRunner.java:312)
at org.testng.SuiteRunnerWorker.runSuite(SuiteRunnerWorker.java:52)
at org.testng.SuiteRunnerWorker.run(SuiteRunnerWorker.java:95)
at org.testng.TestNG.runSuitesSequentially(TestNG.java:1274)
at org.testng.TestNG.runSuitesLocally(TestNG.java:1208)
at org.testng.TestNG.runSuites(TestNG.java:1112)
at org.testng.TestNG.run(TestNG.java:1079)
at org.testng.remote.AbstractRemoteTestNG.run(AbstractRemoteTestNG.java:115)
at org.testng.remote.RemoteTestNG.initAndRun(RemoteTestNG.java:293)
at org.testng.remote.RemoteTestNG.main(RemoteTestNG.java:91)
]]>
            </full-stacktrace>
          </exception> <!-- java.lang.AssertionError -->
          <reporter-output>
          </reporter-output>
        </test-method> <!-- PostTest1 -->
        <test-method signature="PostTest1(java.lang.String,java.lang.String,java.lang.String,java.lang.String,java.lang.String,java.lang.String,java.lang.String,java.lang.String)[pri:1, instance:api.test.datadriven.user.Post_API_Tests@459e9125]" started-at="2024-09-11T14:20:37 IST" name="PostTest1" description="Validate that response code falls in 2XX category" data-provider="AllData" finished-at="2024-09-11T14:20:38 IST" duration-ms="1206" status="FAIL">
          <params>
            <param index="0">
              <value>
                <![CDATA[102]]>
              </value>
            </param>
            <param index="1">
              <value>
                <![CDATA[testfirst2]]>
              </value>
            </param>
            <param index="2">
              <value>
                <![CDATA[testlast2]]>
              </value>
            </param>
            <param index="3">
              <value>
                <![CDATA[testuser2]]>
              </value>
            </param>
            <param index="4">
              <value>
                <![CDATA[test1@gmail.com]]>
              </value>
            </param>
            <param index="5">
              <value>
                <![CDATA[pass2]]>
              </value>
            </param>
            <param index="6">
              <value>
                <![CDATA[9878686868]]>
              </value>
            </param>
            <param index="7">
              <value>
                <![CDATA[1]]>
              </value>
            </param>
          </params>
          <exception class="java.lang.AssertionError">
            <message>
              <![CDATA[Assertion 1]]>
            </message>
            <full-stacktrace>
              <![CDATA[java.lang.AssertionError: Assertion 1
at org.hamcrest.MatcherAssert.assertThat(MatcherAssert.java:26)
at api.test.datadriven.user.Post_API_Tests.PostTest1(Post_API_Tests.java:69)
at java.base/jdk.internal.reflect.DirectMethodHandleAccessor.invoke(DirectMethodHandleAccessor.java:103)
at java.base/java.lang.reflect.Method.invoke(Method.java:580)
at org.testng.internal.invokers.MethodInvocationHelper.invokeMethod(MethodInvocationHelper.java:141)
at org.testng.internal.invokers.TestInvoker.invokeMethod(TestInvoker.java:686)
at org.testng.internal.invokers.TestInvoker.invokeTestMethod(TestInvoker.java:230)
at org.testng.internal.invokers.MethodRunner.runInSequence(MethodRunner.java:63)
at org.testng.internal.invokers.TestInvoker$MethodInvocationAgent.invoke(TestInvoker.java:992)
at org.testng.internal.invokers.TestInvoker.invokeTestMethods(TestInvoker.java:203)
at org.testng.internal.invokers.TestMethodWorker.invokeTestMethods(TestMethodWorker.java:154)
at org.testng.internal.invokers.TestMethodWorker.run(TestMethodWorker.java:134)
at java.base/java.util.ArrayList.forEach(ArrayList.java:1597)
at org.testng.TestRunner.privateRun(TestRunner.java:739)
at org.testng.TestRunner.run(TestRunner.java:614)
at org.testng.SuiteRunner.runTest(SuiteRunner.java:421)
at org.testng.SuiteRunner.runSequentially(SuiteRunner.java:413)
at org.testng.SuiteRunner.privateRun(SuiteRunner.java:373)
at org.testng.SuiteRunner.run(SuiteRunner.java:312)
at org.testng.SuiteRunnerWorker.runSuite(SuiteRunnerWorker.java:52)
at org.testng.SuiteRunnerWorker.run(SuiteRunnerWorker.java:95)
at org.testng.TestNG.runSuitesSequentially(TestNG.java:1274)
at org.testng.TestNG.runSuitesLocally(TestNG.java:1208)
at org.testng.TestNG.runSuites(TestNG.java:1112)
at org.testng.TestNG.run(TestNG.java:1079)
at org.testng.remote.AbstractRemoteTestNG.run(AbstractRemoteTestNG.java:115)
at org.testng.remote.RemoteTestNG.initAndRun(RemoteTestNG.java:293)
at org.testng.remote.RemoteTestNG.main(RemoteTestNG.java:91)
]]>
            </full-stacktrace>
          </exception> <!-- java.lang.AssertionError -->
          <reporter-output>
          </reporter-output>
        </test-method> <!-- PostTest1 -->
        <test-method signature="PostTest1(java.lang.String,java.lang.String,java.lang.String,java.lang.String,java.lang.String,java.lang.String,java.lang.String,java.lang.String)[pri:1, instance:api.test.datadriven.user.Post_API_Tests@459e9125]" started-at="2024-09-11T14:20:38 IST" name="PostTest1" description="Validate that response code falls in 2XX category" data-provider="AllData" finished-at="2024-09-11T14:20:39 IST" duration-ms="1178" status="FAIL">
          <params>
            <param index="0">
              <value>
                <![CDATA[103]]>
              </value>
            </param>
            <param index="1">
              <value>
                <![CDATA[testfirst3]]>
              </value>
            </param>
            <param index="2">
              <value>
                <![CDATA[testlast3]]>
              </value>
            </param>
            <param index="3">
              <value>
                <![CDATA[testuser3]]>
              </value>
            </param>
            <param index="4">
              <value>
                <![CDATA[test1@gmail.com]]>
              </value>
            </param>
            <param index="5">
              <value>
                <![CDATA[pass3]]>
              </value>
            </param>
            <param index="6">
              <value>
                <![CDATA[9878686869]]>
              </value>
            </param>
            <param index="7">
              <value>
                <![CDATA[0]]>
              </value>
            </param>
          </params>
          <exception class="java.lang.AssertionError">
            <message>
              <![CDATA[Assertion 1]]>
            </message>
            <full-stacktrace>
              <![CDATA[java.lang.AssertionError: Assertion 1
at org.hamcrest.MatcherAssert.assertThat(MatcherAssert.java:26)
at api.test.datadriven.user.Post_API_Tests.PostTest1(Post_API_Tests.java:69)
at java.base/jdk.internal.reflect.DirectMethodHandleAccessor.invoke(DirectMethodHandleAccessor.java:103)
at java.base/java.lang.reflect.Method.invoke(Method.java:580)
at org.testng.internal.invokers.MethodInvocationHelper.invokeMethod(MethodInvocationHelper.java:141)
at org.testng.internal.invokers.TestInvoker.invokeMethod(TestInvoker.java:686)
at org.testng.internal.invokers.TestInvoker.invokeTestMethod(TestInvoker.java:230)
at org.testng.internal.invokers.MethodRunner.runInSequence(MethodRunner.java:63)
at org.testng.internal.invokers.TestInvoker$MethodInvocationAgent.invoke(TestInvoker.java:992)
at org.testng.internal.invokers.TestInvoker.invokeTestMethods(TestInvoker.java:203)
at org.testng.internal.invokers.TestMethodWorker.invokeTestMethods(TestMethodWorker.java:154)
at org.testng.internal.invokers.TestMethodWorker.run(TestMethodWorker.java:134)
at java.base/java.util.ArrayList.forEach(ArrayList.java:1597)
at org.testng.TestRunner.privateRun(TestRunner.java:739)
at org.testng.TestRunner.run(TestRunner.java:614)
at org.testng.SuiteRunner.runTest(SuiteRunner.java:421)
at org.testng.SuiteRunner.runSequentially(SuiteRunner.java:413)
at org.testng.SuiteRunner.privateRun(SuiteRunner.java:373)
at org.testng.SuiteRunner.run(SuiteRunner.java:312)
at org.testng.SuiteRunnerWorker.runSuite(SuiteRunnerWorker.java:52)
at org.testng.SuiteRunnerWorker.run(SuiteRunnerWorker.java:95)
at org.testng.TestNG.runSuitesSequentially(TestNG.java:1274)
at org.testng.TestNG.runSuitesLocally(TestNG.java:1208)
at org.testng.TestNG.runSuites(TestNG.java:1112)
at org.testng.TestNG.run(TestNG.java:1079)
at org.testng.remote.AbstractRemoteTestNG.run(AbstractRemoteTestNG.java:115)
at org.testng.remote.RemoteTestNG.initAndRun(RemoteTestNG.java:293)
at org.testng.remote.RemoteTestNG.main(RemoteTestNG.java:91)
]]>
            </full-stacktrace>
          </exception> <!-- java.lang.AssertionError -->
          <reporter-output>
          </reporter-output>
        </test-method> <!-- PostTest1 -->
        <test-method signature="PostTest1(java.lang.String,java.lang.String,java.lang.String,java.lang.String,java.lang.String,java.lang.String,java.lang.String,java.lang.String)[pri:1, instance:api.test.datadriven.user.Post_API_Tests@459e9125]" started-at="2024-09-11T14:20:39 IST" name="PostTest1" description="Validate that response code falls in 2XX category" data-provider="AllData" finished-at="2024-09-11T14:20:40 IST" duration-ms="1145" status="FAIL">
          <params>
            <param index="0">
              <value>
                <![CDATA[104]]>
              </value>
            </param>
            <param index="1">
              <value>
                <![CDATA[testfirst4]]>
              </value>
            </param>
            <param index="2">
              <value>
                <![CDATA[testlast4]]>
              </value>
            </param>
            <param index="3">
              <value>
                <![CDATA[testuser4]]>
              </value>
            </param>
            <param index="4">
              <value>
                <![CDATA[test1@gmail.com]]>
              </value>
            </param>
            <param index="5">
              <value>
                <![CDATA[pass4]]>
              </value>
            </param>
            <param index="6">
              <value>
                <![CDATA[9878686870]]>
              </value>
            </param>
            <param index="7">
              <value>
                <![CDATA[1]]>
              </value>
            </param>
          </params>
          <exception class="java.lang.AssertionError">
            <message>
              <![CDATA[Assertion 1]]>
            </message>
            <full-stacktrace>
              <![CDATA[java.lang.AssertionError: Assertion 1
at org.hamcrest.MatcherAssert.assertThat(MatcherAssert.java:26)
at api.test.datadriven.user.Post_API_Tests.PostTest1(Post_API_Tests.java:69)
at java.base/jdk.internal.reflect.DirectMethodHandleAccessor.invoke(DirectMethodHandleAccessor.java:103)
at java.base/java.lang.reflect.Method.invoke(Method.java:580)
at org.testng.internal.invokers.MethodInvocationHelper.invokeMethod(MethodInvocationHelper.java:141)
at org.testng.internal.invokers.TestInvoker.invokeMethod(TestInvoker.java:686)
at org.testng.internal.invokers.TestInvoker.invokeTestMethod(TestInvoker.java:230)
at org.testng.internal.invokers.MethodRunner.runInSequence(MethodRunner.java:63)
at org.testng.internal.invokers.TestInvoker$MethodInvocationAgent.invoke(TestInvoker.java:992)
at org.testng.internal.invokers.TestInvoker.invokeTestMethods(TestInvoker.java:203)
at org.testng.internal.invokers.TestMethodWorker.invokeTestMethods(TestMethodWorker.java:154)
at org.testng.internal.invokers.TestMethodWorker.run(TestMethodWorker.java:134)
at java.base/java.util.ArrayList.forEach(ArrayList.java:1597)
at org.testng.TestRunner.privateRun(TestRunner.java:739)
at org.testng.TestRunner.run(TestRunner.java:614)
at org.testng.SuiteRunner.runTest(SuiteRunner.java:421)
at org.testng.SuiteRunner.runSequentially(SuiteRunner.java:413)
at org.testng.SuiteRunner.privateRun(SuiteRunner.java:373)
at org.testng.SuiteRunner.run(SuiteRunner.java:312)
at org.testng.SuiteRunnerWorker.runSuite(SuiteRunnerWorker.java:52)
at org.testng.SuiteRunnerWorker.run(SuiteRunnerWorker.java:95)
at org.testng.TestNG.runSuitesSequentially(TestNG.java:1274)
at org.testng.TestNG.runSuitesLocally(TestNG.java:1208)
at org.testng.TestNG.runSuites(TestNG.java:1112)
at org.testng.TestNG.run(TestNG.java:1079)
at org.testng.remote.AbstractRemoteTestNG.run(AbstractRemoteTestNG.java:115)
at org.testng.remote.RemoteTestNG.initAndRun(RemoteTestNG.java:293)
at org.testng.remote.RemoteTestNG.main(RemoteTestNG.java:91)
]]>
            </full-stacktrace>
          </exception> <!-- java.lang.AssertionError -->
          <reporter-output>
          </reporter-output>
        </test-method> <!-- PostTest1 -->
        <test-method signature="PostTest1(java.lang.String,java.lang.String,java.lang.String,java.lang.String,java.lang.String,java.lang.String,java.lang.String,java.lang.String)[pri:1, instance:api.test.datadriven.user.Post_API_Tests@459e9125]" started-at="2024-09-11T14:20:40 IST" name="PostTest1" description="Validate that response code falls in 2XX category" data-provider="AllData" finished-at="2024-09-11T14:20:41 IST" duration-ms="1203" status="FAIL">
          <params>
            <param index="0">
              <value>
                <![CDATA[105]]>
              </value>
            </param>
            <param index="1">
              <value>
                <![CDATA[testfirst5]]>
              </value>
            </param>
            <param index="2">
              <value>
                <![CDATA[testlast5]]>
              </value>
            </param>
            <param index="3">
              <value>
                <![CDATA[testuser5]]>
              </value>
            </param>
            <param index="4">
              <value>
                <![CDATA[test1@gmail.com]]>
              </value>
            </param>
            <param index="5">
              <value>
                <![CDATA[pass5]]>
              </value>
            </param>
            <param index="6">
              <value>
                <![CDATA[9878686871]]>
              </value>
            </param>
            <param index="7">
              <value>
                <![CDATA[0]]>
              </value>
            </param>
          </params>
          <exception class="java.lang.AssertionError">
            <message>
              <![CDATA[Assertion 1]]>
            </message>
            <full-stacktrace>
              <![CDATA[java.lang.AssertionError: Assertion 1
at org.hamcrest.MatcherAssert.assertThat(MatcherAssert.java:26)
at api.test.datadriven.user.Post_API_Tests.PostTest1(Post_API_Tests.java:69)
at java.base/jdk.internal.reflect.DirectMethodHandleAccessor.invoke(DirectMethodHandleAccessor.java:103)
at java.base/java.lang.reflect.Method.invoke(Method.java:580)
at org.testng.internal.invokers.MethodInvocationHelper.invokeMethod(MethodInvocationHelper.java:141)
at org.testng.internal.invokers.TestInvoker.invokeMethod(TestInvoker.java:686)
at org.testng.internal.invokers.TestInvoker.invokeTestMethod(TestInvoker.java:230)
at org.testng.internal.invokers.MethodRunner.runInSequence(MethodRunner.java:63)
at org.testng.internal.invokers.TestInvoker$MethodInvocationAgent.invoke(TestInvoker.java:992)
at org.testng.internal.invokers.TestInvoker.invokeTestMethods(TestInvoker.java:203)
at org.testng.internal.invokers.TestMethodWorker.invokeTestMethods(TestMethodWorker.java:154)
at org.testng.internal.invokers.TestMethodWorker.run(TestMethodWorker.java:134)
at java.base/java.util.ArrayList.forEach(ArrayList.java:1597)
at org.testng.TestRunner.privateRun(TestRunner.java:739)
at org.testng.TestRunner.run(TestRunner.java:614)
at org.testng.SuiteRunner.runTest(SuiteRunner.java:421)
at org.testng.SuiteRunner.runSequentially(SuiteRunner.java:413)
at org.testng.SuiteRunner.privateRun(SuiteRunner.java:373)
at org.testng.SuiteRunner.run(SuiteRunner.java:312)
at org.testng.SuiteRunnerWorker.runSuite(SuiteRunnerWorker.java:52)
at org.testng.SuiteRunnerWorker.run(SuiteRunnerWorker.java:95)
at org.testng.TestNG.runSuitesSequentially(TestNG.java:1274)
at org.testng.TestNG.runSuitesLocally(TestNG.java:1208)
at org.testng.TestNG.runSuites(TestNG.java:1112)
at org.testng.TestNG.run(TestNG.java:1079)
at org.testng.remote.AbstractRemoteTestNG.run(AbstractRemoteTestNG.java:115)
at org.testng.remote.RemoteTestNG.initAndRun(RemoteTestNG.java:293)
at org.testng.remote.RemoteTestNG.main(RemoteTestNG.java:91)
]]>
            </full-stacktrace>
          </exception> <!-- java.lang.AssertionError -->
          <reporter-output>
          </reporter-output>
        </test-method> <!-- PostTest1 -->
        <test-method signature="PostTest1(java.lang.String,java.lang.String,java.lang.String,java.lang.String,java.lang.String,java.lang.String,java.lang.String,java.lang.String)[pri:1, instance:api.test.datadriven.user.Post_API_Tests@459e9125]" started-at="2024-09-11T14:20:41 IST" name="PostTest1" description="Validate that response code falls in 2XX category" data-provider="AllData" finished-at="2024-09-11T14:20:43 IST" duration-ms="1228" status="FAIL">
          <params>
            <param index="0">
              <value>
                <![CDATA[106]]>
              </value>
            </param>
            <param index="1">
              <value>
                <![CDATA[testfirst6]]>
              </value>
            </param>
            <param index="2">
              <value>
                <![CDATA[testlast6]]>
              </value>
            </param>
            <param index="3">
              <value>
                <![CDATA[testuser6]]>
              </value>
            </param>
            <param index="4">
              <value>
                <![CDATA[test1@gmail.com]]>
              </value>
            </param>
            <param index="5">
              <value>
                <![CDATA[pass6]]>
              </value>
            </param>
            <param index="6">
              <value>
                <![CDATA[9878686872]]>
              </value>
            </param>
            <param index="7">
              <value>
                <![CDATA[1]]>
              </value>
            </param>
          </params>
          <exception class="java.lang.AssertionError">
            <message>
              <![CDATA[Assertion 1]]>
            </message>
            <full-stacktrace>
              <![CDATA[java.lang.AssertionError: Assertion 1
at org.hamcrest.MatcherAssert.assertThat(MatcherAssert.java:26)
at api.test.datadriven.user.Post_API_Tests.PostTest1(Post_API_Tests.java:69)
at java.base/jdk.internal.reflect.DirectMethodHandleAccessor.invoke(DirectMethodHandleAccessor.java:103)
at java.base/java.lang.reflect.Method.invoke(Method.java:580)
at org.testng.internal.invokers.MethodInvocationHelper.invokeMethod(MethodInvocationHelper.java:141)
at org.testng.internal.invokers.TestInvoker.invokeMethod(TestInvoker.java:686)
at org.testng.internal.invokers.TestInvoker.invokeTestMethod(TestInvoker.java:230)
at org.testng.internal.invokers.MethodRunner.runInSequence(MethodRunner.java:63)
at org.testng.internal.invokers.TestInvoker$MethodInvocationAgent.invoke(TestInvoker.java:992)
at org.testng.internal.invokers.TestInvoker.invokeTestMethods(TestInvoker.java:203)
at org.testng.internal.invokers.TestMethodWorker.invokeTestMethods(TestMethodWorker.java:154)
at org.testng.internal.invokers.TestMethodWorker.run(TestMethodWorker.java:134)
at java.base/java.util.ArrayList.forEach(ArrayList.java:1597)
at org.testng.TestRunner.privateRun(TestRunner.java:739)
at org.testng.TestRunner.run(TestRunner.java:614)
at org.testng.SuiteRunner.runTest(SuiteRunner.java:421)
at org.testng.SuiteRunner.runSequentially(SuiteRunner.java:413)
at org.testng.SuiteRunner.privateRun(SuiteRunner.java:373)
at org.testng.SuiteRunner.run(SuiteRunner.java:312)
at org.testng.SuiteRunnerWorker.runSuite(SuiteRunnerWorker.java:52)
at org.testng.SuiteRunnerWorker.run(SuiteRunnerWorker.java:95)
at org.testng.TestNG.runSuitesSequentially(TestNG.java:1274)
at org.testng.TestNG.runSuitesLocally(TestNG.java:1208)
at org.testng.TestNG.runSuites(TestNG.java:1112)
at org.testng.TestNG.run(TestNG.java:1079)
at org.testng.remote.AbstractRemoteTestNG.run(AbstractRemoteTestNG.java:115)
at org.testng.remote.RemoteTestNG.initAndRun(RemoteTestNG.java:293)
at org.testng.remote.RemoteTestNG.main(RemoteTestNG.java:91)
]]>
            </full-stacktrace>
          </exception> <!-- java.lang.AssertionError -->
          <reporter-output>
          </reporter-output>
        </test-method> <!-- PostTest1 -->
        <test-method signature="PostTest1(java.lang.String,java.lang.String,java.lang.String,java.lang.String,java.lang.String,java.lang.String,java.lang.String,java.lang.String)[pri:1, instance:api.test.datadriven.user.Post_API_Tests@459e9125]" started-at="2024-09-11T14:20:43 IST" name="PostTest1" description="Validate that response code falls in 2XX category" data-provider="AllData" finished-at="2024-09-11T14:20:44 IST" duration-ms="1229" status="FAIL">
          <params>
            <param index="0">
              <value>
                <![CDATA[107]]>
              </value>
            </param>
            <param index="1">
              <value>
                <![CDATA[testfirst7]]>
              </value>
            </param>
            <param index="2">
              <value>
                <![CDATA[testlast7]]>
              </value>
            </param>
            <param index="3">
              <value>
                <![CDATA[testuser7]]>
              </value>
            </param>
            <param index="4">
              <value>
                <![CDATA[test1@gmail.com]]>
              </value>
            </param>
            <param index="5">
              <value>
                <![CDATA[pass7]]>
              </value>
            </param>
            <param index="6">
              <value>
                <![CDATA[9878686873]]>
              </value>
            </param>
            <param index="7">
              <value>
                <![CDATA[0]]>
              </value>
            </param>
          </params>
          <exception class="java.lang.AssertionError">
            <message>
              <![CDATA[Assertion 1]]>
            </message>
            <full-stacktrace>
              <![CDATA[java.lang.AssertionError: Assertion 1
at org.hamcrest.MatcherAssert.assertThat(MatcherAssert.java:26)
at api.test.datadriven.user.Post_API_Tests.PostTest1(Post_API_Tests.java:69)
at java.base/jdk.internal.reflect.DirectMethodHandleAccessor.invoke(DirectMethodHandleAccessor.java:103)
at java.base/java.lang.reflect.Method.invoke(Method.java:580)
at org.testng.internal.invokers.MethodInvocationHelper.invokeMethod(MethodInvocationHelper.java:141)
at org.testng.internal.invokers.TestInvoker.invokeMethod(TestInvoker.java:686)
at org.testng.internal.invokers.TestInvoker.invokeTestMethod(TestInvoker.java:230)
at org.testng.internal.invokers.MethodRunner.runInSequence(MethodRunner.java:63)
at org.testng.internal.invokers.TestInvoker$MethodInvocationAgent.invoke(TestInvoker.java:992)
at org.testng.internal.invokers.TestInvoker.invokeTestMethods(TestInvoker.java:203)
at org.testng.internal.invokers.TestMethodWorker.invokeTestMethods(TestMethodWorker.java:154)
at org.testng.internal.invokers.TestMethodWorker.run(TestMethodWorker.java:134)
at java.base/java.util.ArrayList.forEach(ArrayList.java:1597)
at org.testng.TestRunner.privateRun(TestRunner.java:739)
at org.testng.TestRunner.run(TestRunner.java:614)
at org.testng.SuiteRunner.runTest(SuiteRunner.java:421)
at org.testng.SuiteRunner.runSequentially(SuiteRunner.java:413)
at org.testng.SuiteRunner.privateRun(SuiteRunner.java:373)
at org.testng.SuiteRunner.run(SuiteRunner.java:312)
at org.testng.SuiteRunnerWorker.runSuite(SuiteRunnerWorker.java:52)
at org.testng.SuiteRunnerWorker.run(SuiteRunnerWorker.java:95)
at org.testng.TestNG.runSuitesSequentially(TestNG.java:1274)
at org.testng.TestNG.runSuitesLocally(TestNG.java:1208)
at org.testng.TestNG.runSuites(TestNG.java:1112)
at org.testng.TestNG.run(TestNG.java:1079)
at org.testng.remote.AbstractRemoteTestNG.run(AbstractRemoteTestNG.java:115)
at org.testng.remote.RemoteTestNG.initAndRun(RemoteTestNG.java:293)
at org.testng.remote.RemoteTestNG.main(RemoteTestNG.java:91)
]]>
            </full-stacktrace>
          </exception> <!-- java.lang.AssertionError -->
          <reporter-output>
          </reporter-output>
        </test-method> <!-- PostTest1 -->
        <test-method signature="PostTest1(java.lang.String,java.lang.String,java.lang.String,java.lang.String,java.lang.String,java.lang.String,java.lang.String,java.lang.String)[pri:1, instance:api.test.datadriven.user.Post_API_Tests@459e9125]" started-at="2024-09-11T14:20:44 IST" name="PostTest1" description="Validate that response code falls in 2XX category" data-provider="AllData" finished-at="2024-09-11T14:20:45 IST" duration-ms="1222" status="FAIL">
          <params>
            <param index="0">
              <value>
                <![CDATA[108]]>
              </value>
            </param>
            <param index="1">
              <value>
                <![CDATA[testfirst8]]>
              </value>
            </param>
            <param index="2">
              <value>
                <![CDATA[testlast8]]>
              </value>
            </param>
            <param index="3">
              <value>
                <![CDATA[testuser8]]>
              </value>
            </param>
            <param index="4">
              <value>
                <![CDATA[test1@gmail.com]]>
              </value>
            </param>
            <param index="5">
              <value>
                <![CDATA[pass8]]>
              </value>
            </param>
            <param index="6">
              <value>
                <![CDATA[9878686874]]>
              </value>
            </param>
            <param index="7">
              <value>
                <![CDATA[1]]>
              </value>
            </param>
          </params>
          <exception class="java.lang.AssertionError">
            <message>
              <![CDATA[Assertion 1]]>
            </message>
            <full-stacktrace>
              <![CDATA[java.lang.AssertionError: Assertion 1
at org.hamcrest.MatcherAssert.assertThat(MatcherAssert.java:26)
at api.test.datadriven.user.Post_API_Tests.PostTest1(Post_API_Tests.java:69)
at java.base/jdk.internal.reflect.DirectMethodHandleAccessor.invoke(DirectMethodHandleAccessor.java:103)
at java.base/java.lang.reflect.Method.invoke(Method.java:580)
at org.testng.internal.invokers.MethodInvocationHelper.invokeMethod(MethodInvocationHelper.java:141)
at org.testng.internal.invokers.TestInvoker.invokeMethod(TestInvoker.java:686)
at org.testng.internal.invokers.TestInvoker.invokeTestMethod(TestInvoker.java:230)
at org.testng.internal.invokers.MethodRunner.runInSequence(MethodRunner.java:63)
at org.testng.internal.invokers.TestInvoker$MethodInvocationAgent.invoke(TestInvoker.java:992)
at org.testng.internal.invokers.TestInvoker.invokeTestMethods(TestInvoker.java:203)
at org.testng.internal.invokers.TestMethodWorker.invokeTestMethods(TestMethodWorker.java:154)
at org.testng.internal.invokers.TestMethodWorker.run(TestMethodWorker.java:134)
at java.base/java.util.ArrayList.forEach(ArrayList.java:1597)
at org.testng.TestRunner.privateRun(TestRunner.java:739)
at org.testng.TestRunner.run(TestRunner.java:614)
at org.testng.SuiteRunner.runTest(SuiteRunner.java:421)
at org.testng.SuiteRunner.runSequentially(SuiteRunner.java:413)
at org.testng.SuiteRunner.privateRun(SuiteRunner.java:373)
at org.testng.SuiteRunner.run(SuiteRunner.java:312)
at org.testng.SuiteRunnerWorker.runSuite(SuiteRunnerWorker.java:52)
at org.testng.SuiteRunnerWorker.run(SuiteRunnerWorker.java:95)
at org.testng.TestNG.runSuitesSequentially(TestNG.java:1274)
at org.testng.TestNG.runSuitesLocally(TestNG.java:1208)
at org.testng.TestNG.runSuites(TestNG.java:1112)
at org.testng.TestNG.run(TestNG.java:1079)
at org.testng.remote.AbstractRemoteTestNG.run(AbstractRemoteTestNG.java:115)
at org.testng.remote.RemoteTestNG.initAndRun(RemoteTestNG.java:293)
at org.testng.remote.RemoteTestNG.main(RemoteTestNG.java:91)
]]>
            </full-stacktrace>
          </exception> <!-- java.lang.AssertionError -->
          <reporter-output>
          </reporter-output>
        </test-method> <!-- PostTest1 -->
        <test-method signature="PostTest1(java.lang.String,java.lang.String,java.lang.String,java.lang.String,java.lang.String,java.lang.String,java.lang.String,java.lang.String)[pri:1, instance:api.test.datadriven.user.Post_API_Tests@459e9125]" started-at="2024-09-11T14:20:45 IST" name="PostTest1" description="Validate that response code falls in 2XX category" data-provider="AllData" finished-at="2024-09-11T14:20:46 IST" duration-ms="1159" status="FAIL">
          <params>
            <param index="0">
              <value>
                <![CDATA[109]]>
              </value>
            </param>
            <param index="1">
              <value>
                <![CDATA[testfirst9]]>
              </value>
            </param>
            <param index="2">
              <value>
                <![CDATA[testlast9]]>
              </value>
            </param>
            <param index="3">
              <value>
                <![CDATA[testuser9]]>
              </value>
            </param>
            <param index="4">
              <value>
                <![CDATA[test1@gmail.com]]>
              </value>
            </param>
            <param index="5">
              <value>
                <![CDATA[pass9]]>
              </value>
            </param>
            <param index="6">
              <value>
                <![CDATA[9878686875]]>
              </value>
            </param>
            <param index="7">
              <value>
                <![CDATA[0]]>
              </value>
            </param>
          </params>
          <exception class="java.lang.AssertionError">
            <message>
              <![CDATA[Assertion 1]]>
            </message>
            <full-stacktrace>
              <![CDATA[java.lang.AssertionError: Assertion 1
at org.hamcrest.MatcherAssert.assertThat(MatcherAssert.java:26)
at api.test.datadriven.user.Post_API_Tests.PostTest1(Post_API_Tests.java:69)
at java.base/jdk.internal.reflect.DirectMethodHandleAccessor.invoke(DirectMethodHandleAccessor.java:103)
at java.base/java.lang.reflect.Method.invoke(Method.java:580)
at org.testng.internal.invokers.MethodInvocationHelper.invokeMethod(MethodInvocationHelper.java:141)
at org.testng.internal.invokers.TestInvoker.invokeMethod(TestInvoker.java:686)
at org.testng.internal.invokers.TestInvoker.invokeTestMethod(TestInvoker.java:230)
at org.testng.internal.invokers.MethodRunner.runInSequence(MethodRunner.java:63)
at org.testng.internal.invokers.TestInvoker$MethodInvocationAgent.invoke(TestInvoker.java:992)
at org.testng.internal.invokers.TestInvoker.invokeTestMethods(TestInvoker.java:203)
at org.testng.internal.invokers.TestMethodWorker.invokeTestMethods(TestMethodWorker.java:154)
at org.testng.internal.invokers.TestMethodWorker.run(TestMethodWorker.java:134)
at java.base/java.util.ArrayList.forEach(ArrayList.java:1597)
at org.testng.TestRunner.privateRun(TestRunner.java:739)
at org.testng.TestRunner.run(TestRunner.java:614)
at org.testng.SuiteRunner.runTest(SuiteRunner.java:421)
at org.testng.SuiteRunner.runSequentially(SuiteRunner.java:413)
at org.testng.SuiteRunner.privateRun(SuiteRunner.java:373)
at org.testng.SuiteRunner.run(SuiteRunner.java:312)
at org.testng.SuiteRunnerWorker.runSuite(SuiteRunnerWorker.java:52)
at org.testng.SuiteRunnerWorker.run(SuiteRunnerWorker.java:95)
at org.testng.TestNG.runSuitesSequentially(TestNG.java:1274)
at org.testng.TestNG.runSuitesLocally(TestNG.java:1208)
at org.testng.TestNG.runSuites(TestNG.java:1112)
at org.testng.TestNG.run(TestNG.java:1079)
at org.testng.remote.AbstractRemoteTestNG.run(AbstractRemoteTestNG.java:115)
at org.testng.remote.RemoteTestNG.initAndRun(RemoteTestNG.java:293)
at org.testng.remote.RemoteTestNG.main(RemoteTestNG.java:91)
]]>
            </full-stacktrace>
          </exception> <!-- java.lang.AssertionError -->
          <reporter-output>
          </reporter-output>
        </test-method> <!-- PostTest1 -->
        <test-method signature="PostTest2(java.lang.String,java.lang.String,java.lang.String,java.lang.String,java.lang.String,java.lang.String,java.lang.String,java.lang.String)[pri:2, instance:api.test.datadriven.user.Post_API_Tests@459e9125]" started-at="2024-09-11T14:20:48 IST" name="PostTest2" description="Validate that response code = 200 " data-provider="AllData" finished-at="2024-09-11T14:20:49 IST" duration-ms="1228" status="PASS">
          <params>
            <param index="0">
              <value>
                <![CDATA[101]]>
              </value>
            </param>
            <param index="1">
              <value>
                <![CDATA[testfirst1]]>
              </value>
            </param>
            <param index="2">
              <value>
                <![CDATA[testlast1]]>
              </value>
            </param>
            <param index="3">
              <value>
                <![CDATA[testuser1]]>
              </value>
            </param>
            <param index="4">
              <value>
                <![CDATA[test1@gmail.com]]>
              </value>
            </param>
            <param index="5">
              <value>
                <![CDATA[pass1]]>
              </value>
            </param>
            <param index="6">
              <value>
                <![CDATA[9878686867]]>
              </value>
            </param>
            <param index="7">
              <value>
                <![CDATA[0]]>
              </value>
            </param>
          </params>
          <reporter-output>
          </reporter-output>
        </test-method> <!-- PostTest2 -->
        <test-method signature="PostTest2(java.lang.String,java.lang.String,java.lang.String,java.lang.String,java.lang.String,java.lang.String,java.lang.String,java.lang.String)[pri:2, instance:api.test.datadriven.user.Post_API_Tests@459e9125]" started-at="2024-09-11T14:20:49 IST" name="PostTest2" description="Validate that response code = 200 " data-provider="AllData" finished-at="2024-09-11T14:20:50 IST" duration-ms="1143" status="PASS">
          <params>
            <param index="0">
              <value>
                <![CDATA[102]]>
              </value>
            </param>
            <param index="1">
              <value>
                <![CDATA[testfirst2]]>
              </value>
            </param>
            <param index="2">
              <value>
                <![CDATA[testlast2]]>
              </value>
            </param>
            <param index="3">
              <value>
                <![CDATA[testuser2]]>
              </value>
            </param>
            <param index="4">
              <value>
                <![CDATA[test1@gmail.com]]>
              </value>
            </param>
            <param index="5">
              <value>
                <![CDATA[pass2]]>
              </value>
            </param>
            <param index="6">
              <value>
                <![CDATA[9878686868]]>
              </value>
            </param>
            <param index="7">
              <value>
                <![CDATA[1]]>
              </value>
            </param>
          </params>
          <reporter-output>
          </reporter-output>
        </test-method> <!-- PostTest2 -->
        <test-method signature="PostTest2(java.lang.String,java.lang.String,java.lang.String,java.lang.String,java.lang.String,java.lang.String,java.lang.String,java.lang.String)[pri:2, instance:api.test.datadriven.user.Post_API_Tests@459e9125]" started-at="2024-09-11T14:20:50 IST" name="PostTest2" description="Validate that response code = 200 " data-provider="AllData" finished-at="2024-09-11T14:20:51 IST" duration-ms="1156" status="PASS">
          <params>
            <param index="0">
              <value>
                <![CDATA[103]]>
              </value>
            </param>
            <param index="1">
              <value>
                <![CDATA[testfirst3]]>
              </value>
            </param>
            <param index="2">
              <value>
                <![CDATA[testlast3]]>
              </value>
            </param>
            <param index="3">
              <value>
                <![CDATA[testuser3]]>
              </value>
            </param>
            <param index="4">
              <value>
                <![CDATA[test1@gmail.com]]>
              </value>
            </param>
            <param index="5">
              <value>
                <![CDATA[pass3]]>
              </value>
            </param>
            <param index="6">
              <value>
                <![CDATA[9878686869]]>
              </value>
            </param>
            <param index="7">
              <value>
                <![CDATA[0]]>
              </value>
            </param>
          </params>
          <reporter-output>
          </reporter-output>
        </test-method> <!-- PostTest2 -->
        <test-method signature="PostTest2(java.lang.String,java.lang.String,java.lang.String,java.lang.String,java.lang.String,java.lang.String,java.lang.String,java.lang.String)[pri:2, instance:api.test.datadriven.user.Post_API_Tests@459e9125]" started-at="2024-09-11T14:20:51 IST" name="PostTest2" description="Validate that response code = 200 " data-provider="AllData" finished-at="2024-09-11T14:20:53 IST" duration-ms="1162" status="PASS">
          <params>
            <param index="0">
              <value>
                <![CDATA[104]]>
              </value>
            </param>
            <param index="1">
              <value>
                <![CDATA[testfirst4]]>
              </value>
            </param>
            <param index="2">
              <value>
                <![CDATA[testlast4]]>
              </value>
            </param>
            <param index="3">
              <value>
                <![CDATA[testuser4]]>
              </value>
            </param>
            <param index="4">
              <value>
                <![CDATA[test1@gmail.com]]>
              </value>
            </param>
            <param index="5">
              <value>
                <![CDATA[pass4]]>
              </value>
            </param>
            <param index="6">
              <value>
                <![CDATA[9878686870]]>
              </value>
            </param>
            <param index="7">
              <value>
                <![CDATA[1]]>
              </value>
            </param>
          </params>
          <reporter-output>
          </reporter-output>
        </test-method> <!-- PostTest2 -->
        <test-method signature="PostTest2(java.lang.String,java.lang.String,java.lang.String,java.lang.String,java.lang.String,java.lang.String,java.lang.String,java.lang.String)[pri:2, instance:api.test.datadriven.user.Post_API_Tests@459e9125]" started-at="2024-09-11T14:20:53 IST" name="PostTest2" description="Validate that response code = 200 " data-provider="AllData" finished-at="2024-09-11T14:20:54 IST" duration-ms="1211" status="PASS">
          <params>
            <param index="0">
              <value>
                <![CDATA[105]]>
              </value>
            </param>
            <param index="1">
              <value>
                <![CDATA[testfirst5]]>
              </value>
            </param>
            <param index="2">
              <value>
                <![CDATA[testlast5]]>
              </value>
            </param>
            <param index="3">
              <value>
                <![CDATA[testuser5]]>
              </value>
            </param>
            <param index="4">
              <value>
                <![CDATA[test1@gmail.com]]>
              </value>
            </param>
            <param index="5">
              <value>
                <![CDATA[pass5]]>
              </value>
            </param>
            <param index="6">
              <value>
                <![CDATA[9878686871]]>
              </value>
            </param>
            <param index="7">
              <value>
                <![CDATA[0]]>
              </value>
            </param>
          </params>
          <reporter-output>
          </reporter-output>
        </test-method> <!-- PostTest2 -->
        <test-method signature="PostTest2(java.lang.String,java.lang.String,java.lang.String,java.lang.String,java.lang.String,java.lang.String,java.lang.String,java.lang.String)[pri:2, instance:api.test.datadriven.user.Post_API_Tests@459e9125]" started-at="2024-09-11T14:20:54 IST" name="PostTest2" description="Validate that response code = 200 " data-provider="AllData" finished-at="2024-09-11T14:20:55 IST" duration-ms="1202" status="PASS">
          <params>
            <param index="0">
              <value>
                <![CDATA[106]]>
              </value>
            </param>
            <param index="1">
              <value>
                <![CDATA[testfirst6]]>
              </value>
            </param>
            <param index="2">
              <value>
                <![CDATA[testlast6]]>
              </value>
            </param>
            <param index="3">
              <value>
                <![CDATA[testuser6]]>
              </value>
            </param>
            <param index="4">
              <value>
                <![CDATA[test1@gmail.com]]>
              </value>
            </param>
            <param index="5">
              <value>
                <![CDATA[pass6]]>
              </value>
            </param>
            <param index="6">
              <value>
                <![CDATA[9878686872]]>
              </value>
            </param>
            <param index="7">
              <value>
                <![CDATA[1]]>
              </value>
            </param>
          </params>
          <reporter-output>
          </reporter-output>
        </test-method> <!-- PostTest2 -->
        <test-method signature="PostTest2(java.lang.String,java.lang.String,java.lang.String,java.lang.String,java.lang.String,java.lang.String,java.lang.String,java.lang.String)[pri:2, instance:api.test.datadriven.user.Post_API_Tests@459e9125]" started-at="2024-09-11T14:20:55 IST" name="PostTest2" description="Validate that response code = 200 " data-provider="AllData" finished-at="2024-09-11T14:20:56 IST" duration-ms="1137" status="PASS">
          <params>
            <param index="0">
              <value>
                <![CDATA[107]]>
              </value>
            </param>
            <param index="1">
              <value>
                <![CDATA[testfirst7]]>
              </value>
            </param>
            <param index="2">
              <value>
                <![CDATA[testlast7]]>
              </value>
            </param>
            <param index="3">
              <value>
                <![CDATA[testuser7]]>
              </value>
            </param>
            <param index="4">
              <value>
                <![CDATA[test1@gmail.com]]>
              </value>
            </param>
            <param index="5">
              <value>
                <![CDATA[pass7]]>
              </value>
            </param>
            <param index="6">
              <value>
                <![CDATA[9878686873]]>
              </value>
            </param>
            <param index="7">
              <value>
                <![CDATA[0]]>
              </value>
            </param>
          </params>
          <reporter-output>
          </reporter-output>
        </test-method> <!-- PostTest2 -->
        <test-method signature="PostTest2(java.lang.String,java.lang.String,java.lang.String,java.lang.String,java.lang.String,java.lang.String,java.lang.String,java.lang.String)[pri:2, instance:api.test.datadriven.user.Post_API_Tests@459e9125]" started-at="2024-09-11T14:20:56 IST" name="PostTest2" description="Validate that response code = 200 " data-provider="AllData" finished-at="2024-09-11T14:20:57 IST" duration-ms="1170" status="PASS">
          <params>
            <param index="0">
              <value>
                <![CDATA[108]]>
              </value>
            </param>
            <param index="1">
              <value>
                <![CDATA[testfirst8]]>
              </value>
            </param>
            <param index="2">
              <value>
                <![CDATA[testlast8]]>
              </value>
            </param>
            <param index="3">
              <value>
                <![CDATA[testuser8]]>
              </value>
            </param>
            <param index="4">
              <value>
                <![CDATA[test1@gmail.com]]>
              </value>
            </param>
            <param index="5">
              <value>
                <![CDATA[pass8]]>
              </value>
            </param>
            <param index="6">
              <value>
                <![CDATA[9878686874]]>
              </value>
            </param>
            <param index="7">
              <value>
                <![CDATA[1]]>
              </value>
            </param>
          </params>
          <reporter-output>
          </reporter-output>
        </test-method> <!-- PostTest2 -->
        <test-method signature="PostTest2(java.lang.String,java.lang.String,java.lang.String,java.lang.String,java.lang.String,java.lang.String,java.lang.String,java.lang.String)[pri:2, instance:api.test.datadriven.user.Post_API_Tests@459e9125]" started-at="2024-09-11T14:20:57 IST" name="PostTest2" description="Validate that response code = 200 " data-provider="AllData" finished-at="2024-09-11T14:20:58 IST" duration-ms="1196" status="PASS">
          <params>
            <param index="0">
              <value>
                <![CDATA[109]]>
              </value>
            </param>
            <param index="1">
              <value>
                <![CDATA[testfirst9]]>
              </value>
            </param>
            <param index="2">
              <value>
                <![CDATA[testlast9]]>
              </value>
            </param>
            <param index="3">
              <value>
                <![CDATA[testuser9]]>
              </value>
            </param>
            <param index="4">
              <value>
                <![CDATA[test1@gmail.com]]>
              </value>
            </param>
            <param index="5">
              <value>
                <![CDATA[pass9]]>
              </value>
            </param>
            <param index="6">
              <value>
                <![CDATA[9878686875]]>
              </value>
            </param>
            <param index="7">
              <value>
                <![CDATA[0]]>
              </value>
            </param>
          </params>
          <reporter-output>
          </reporter-output>
        </test-method> <!-- PostTest2 -->
        <test-method signature="PostTest3(java.lang.String,java.lang.String,java.lang.String,java.lang.String,java.lang.String,java.lang.String,java.lang.String,java.lang.String)[pri:3, instance:api.test.datadriven.user.Post_API_Tests@459e9125]" started-at="2024-09-11T14:21:00 IST" name="PostTest3" description="Validate that response contains response body as per the req " data-provider="AllData" finished-at="2024-09-11T14:21:15 IST" duration-ms="15301" status="PASS">
          <params>
            <param index="0">
              <value>
                <![CDATA[101]]>
              </value>
            </param>
            <param index="1">
              <value>
                <![CDATA[testfirst1]]>
              </value>
            </param>
            <param index="2">
              <value>
                <![CDATA[testlast1]]>
              </value>
            </param>
            <param index="3">
              <value>
                <![CDATA[testuser1]]>
              </value>
            </param>
            <param index="4">
              <value>
                <![CDATA[test1@gmail.com]]>
              </value>
            </param>
            <param index="5">
              <value>
                <![CDATA[pass1]]>
              </value>
            </param>
            <param index="6">
              <value>
                <![CDATA[9878686867]]>
              </value>
            </param>
            <param index="7">
              <value>
                <![CDATA[0]]>
              </value>
            </param>
          </params>
          <reporter-output>
          </reporter-output>
        </test-method> <!-- PostTest3 -->
        <test-method signature="PostTest3(java.lang.String,java.lang.String,java.lang.String,java.lang.String,java.lang.String,java.lang.String,java.lang.String,java.lang.String)[pri:3, instance:api.test.datadriven.user.Post_API_Tests@459e9125]" started-at="2024-09-11T14:21:15 IST" name="PostTest3" description="Validate that response contains response body as per the req " data-provider="AllData" finished-at="2024-09-11T14:21:16 IST" duration-ms="1278" status="PASS">
          <params>
            <param index="0">
              <value>
                <![CDATA[102]]>
              </value>
            </param>
            <param index="1">
              <value>
                <![CDATA[testfirst2]]>
              </value>
            </param>
            <param index="2">
              <value>
                <![CDATA[testlast2]]>
              </value>
            </param>
            <param index="3">
              <value>
                <![CDATA[testuser2]]>
              </value>
            </param>
            <param index="4">
              <value>
                <![CDATA[test1@gmail.com]]>
              </value>
            </param>
            <param index="5">
              <value>
                <![CDATA[pass2]]>
              </value>
            </param>
            <param index="6">
              <value>
                <![CDATA[9878686868]]>
              </value>
            </param>
            <param index="7">
              <value>
                <![CDATA[1]]>
              </value>
            </param>
          </params>
          <reporter-output>
          </reporter-output>
        </test-method> <!-- PostTest3 -->
        <test-method signature="PostTest3(java.lang.String,java.lang.String,java.lang.String,java.lang.String,java.lang.String,java.lang.String,java.lang.String,java.lang.String)[pri:3, instance:api.test.datadriven.user.Post_API_Tests@459e9125]" started-at="2024-09-11T14:21:16 IST" name="PostTest3" description="Validate that response contains response body as per the req " data-provider="AllData" finished-at="2024-09-11T14:21:17 IST" duration-ms="1255" status="PASS">
          <params>
            <param index="0">
              <value>
                <![CDATA[103]]>
              </value>
            </param>
            <param index="1">
              <value>
                <![CDATA[testfirst3]]>
              </value>
            </param>
            <param index="2">
              <value>
                <![CDATA[testlast3]]>
              </value>
            </param>
            <param index="3">
              <value>
                <![CDATA[testuser3]]>
              </value>
            </param>
            <param index="4">
              <value>
                <![CDATA[test1@gmail.com]]>
              </value>
            </param>
            <param index="5">
              <value>
                <![CDATA[pass3]]>
              </value>
            </param>
            <param index="6">
              <value>
                <![CDATA[9878686869]]>
              </value>
            </param>
            <param index="7">
              <value>
                <![CDATA[0]]>
              </value>
            </param>
          </params>
          <reporter-output>
          </reporter-output>
        </test-method> <!-- PostTest3 -->
        <test-method signature="PostTest3(java.lang.String,java.lang.String,java.lang.String,java.lang.String,java.lang.String,java.lang.String,java.lang.String,java.lang.String)[pri:3, instance:api.test.datadriven.user.Post_API_Tests@459e9125]" started-at="2024-09-11T14:21:17 IST" name="PostTest3" description="Validate that response contains response body as per the req " data-provider="AllData" finished-at="2024-09-11T14:21:19 IST" duration-ms="1246" status="PASS">
          <params>
            <param index="0">
              <value>
                <![CDATA[104]]>
              </value>
            </param>
            <param index="1">
              <value>
                <![CDATA[testfirst4]]>
              </value>
            </param>
            <param index="2">
              <value>
                <![CDATA[testlast4]]>
              </value>
            </param>
            <param index="3">
              <value>
                <![CDATA[testuser4]]>
              </value>
            </param>
            <param index="4">
              <value>
                <![CDATA[test1@gmail.com]]>
              </value>
            </param>
            <param index="5">
              <value>
                <![CDATA[pass4]]>
              </value>
            </param>
            <param index="6">
              <value>
                <![CDATA[9878686870]]>
              </value>
            </param>
            <param index="7">
              <value>
                <![CDATA[1]]>
              </value>
            </param>
          </params>
          <reporter-output>
          </reporter-output>
        </test-method> <!-- PostTest3 -->
        <test-method signature="PostTest3(java.lang.String,java.lang.String,java.lang.String,java.lang.String,java.lang.String,java.lang.String,java.lang.String,java.lang.String)[pri:3, instance:api.test.datadriven.user.Post_API_Tests@459e9125]" started-at="2024-09-11T14:21:19 IST" name="PostTest3" description="Validate that response contains response body as per the req " data-provider="AllData" finished-at="2024-09-11T14:21:20 IST" duration-ms="1227" status="PASS">
          <params>
            <param index="0">
              <value>
                <![CDATA[105]]>
              </value>
            </param>
            <param index="1">
              <value>
                <![CDATA[testfirst5]]>
              </value>
            </param>
            <param index="2">
              <value>
                <![CDATA[testlast5]]>
              </value>
            </param>
            <param index="3">
              <value>
                <![CDATA[testuser5]]>
              </value>
            </param>
            <param index="4">
              <value>
                <![CDATA[test1@gmail.com]]>
              </value>
            </param>
            <param index="5">
              <value>
                <![CDATA[pass5]]>
              </value>
            </param>
            <param index="6">
              <value>
                <![CDATA[9878686871]]>
              </value>
            </param>
            <param index="7">
              <value>
                <![CDATA[0]]>
              </value>
            </param>
          </params>
          <reporter-output>
          </reporter-output>
        </test-method> <!-- PostTest3 -->
        <test-method signature="PostTest3(java.lang.String,java.lang.String,java.lang.String,java.lang.String,java.lang.String,java.lang.String,java.lang.String,java.lang.String)[pri:3, instance:api.test.datadriven.user.Post_API_Tests@459e9125]" started-at="2024-09-11T14:21:20 IST" name="PostTest3" description="Validate that response contains response body as per the req " data-provider="AllData" finished-at="2024-09-11T14:21:21 IST" duration-ms="1228" status="PASS">
          <params>
            <param index="0">
              <value>
                <![CDATA[106]]>
              </value>
            </param>
            <param index="1">
              <value>
                <![CDATA[testfirst6]]>
              </value>
            </param>
            <param index="2">
              <value>
                <![CDATA[testlast6]]>
              </value>
            </param>
            <param index="3">
              <value>
                <![CDATA[testuser6]]>
              </value>
            </param>
            <param index="4">
              <value>
                <![CDATA[test1@gmail.com]]>
              </value>
            </param>
            <param index="5">
              <value>
                <![CDATA[pass6]]>
              </value>
            </param>
            <param index="6">
              <value>
                <![CDATA[9878686872]]>
              </value>
            </param>
            <param index="7">
              <value>
                <![CDATA[1]]>
              </value>
            </param>
          </params>
          <reporter-output>
          </reporter-output>
        </test-method> <!-- PostTest3 -->
        <test-method signature="PostTest3(java.lang.String,java.lang.String,java.lang.String,java.lang.String,java.lang.String,java.lang.String,java.lang.String,java.lang.String)[pri:3, instance:api.test.datadriven.user.Post_API_Tests@459e9125]" started-at="2024-09-11T14:21:21 IST" name="PostTest3" description="Validate that response contains response body as per the req " data-provider="AllData" finished-at="2024-09-11T14:21:22 IST" duration-ms="1273" status="PASS">
          <params>
            <param index="0">
              <value>
                <![CDATA[107]]>
              </value>
            </param>
            <param index="1">
              <value>
                <![CDATA[testfirst7]]>
              </value>
            </param>
            <param index="2">
              <value>
                <![CDATA[testlast7]]>
              </value>
            </param>
            <param index="3">
              <value>
                <![CDATA[testuser7]]>
              </value>
            </param>
            <param index="4">
              <value>
                <![CDATA[test1@gmail.com]]>
              </value>
            </param>
            <param index="5">
              <value>
                <![CDATA[pass7]]>
              </value>
            </param>
            <param index="6">
              <value>
                <![CDATA[9878686873]]>
              </value>
            </param>
            <param index="7">
              <value>
                <![CDATA[0]]>
              </value>
            </param>
          </params>
          <reporter-output>
          </reporter-output>
        </test-method> <!-- PostTest3 -->
        <test-method signature="PostTest3(java.lang.String,java.lang.String,java.lang.String,java.lang.String,java.lang.String,java.lang.String,java.lang.String,java.lang.String)[pri:3, instance:api.test.datadriven.user.Post_API_Tests@459e9125]" started-at="2024-09-11T14:21:22 IST" name="PostTest3" description="Validate that response contains response body as per the req " data-provider="AllData" finished-at="2024-09-11T14:21:24 IST" duration-ms="1195" status="PASS">
          <params>
            <param index="0">
              <value>
                <![CDATA[108]]>
              </value>
            </param>
            <param index="1">
              <value>
                <![CDATA[testfirst8]]>
              </value>
            </param>
            <param index="2">
              <value>
                <![CDATA[testlast8]]>
              </value>
            </param>
            <param index="3">
              <value>
                <![CDATA[testuser8]]>
              </value>
            </param>
            <param index="4">
              <value>
                <![CDATA[test1@gmail.com]]>
              </value>
            </param>
            <param index="5">
              <value>
                <![CDATA[pass8]]>
              </value>
            </param>
            <param index="6">
              <value>
                <![CDATA[9878686874]]>
              </value>
            </param>
            <param index="7">
              <value>
                <![CDATA[1]]>
              </value>
            </param>
          </params>
          <reporter-output>
          </reporter-output>
        </test-method> <!-- PostTest3 -->
        <test-method signature="PostTest3(java.lang.String,java.lang.String,java.lang.String,java.lang.String,java.lang.String,java.lang.String,java.lang.String,java.lang.String)[pri:3, instance:api.test.datadriven.user.Post_API_Tests@459e9125]" started-at="2024-09-11T14:21:24 IST" name="PostTest3" description="Validate that response contains response body as per the req " data-provider="AllData" finished-at="2024-09-11T14:21:25 IST" duration-ms="1312" status="PASS">
          <params>
            <param index="0">
              <value>
                <![CDATA[109]]>
              </value>
            </param>
            <param index="1">
              <value>
                <![CDATA[testfirst9]]>
              </value>
            </param>
            <param index="2">
              <value>
                <![CDATA[testlast9]]>
              </value>
            </param>
            <param index="3">
              <value>
                <![CDATA[testuser9]]>
              </value>
            </param>
            <param index="4">
              <value>
                <![CDATA[test1@gmail.com]]>
              </value>
            </param>
            <param index="5">
              <value>
                <![CDATA[pass9]]>
              </value>
            </param>
            <param index="6">
              <value>
                <![CDATA[9878686875]]>
              </value>
            </param>
            <param index="7">
              <value>
                <![CDATA[0]]>
              </value>
            </param>
          </params>
          <reporter-output>
          </reporter-output>
        </test-method> <!-- PostTest3 -->
      </class> <!-- api.test.datadriven.user.Post_API_Tests -->
    </test> <!-- POST API -->
    <test started-at="2024-09-11T14:21:25 IST" name="GET API" finished-at="2024-09-11T14:22:34 IST" duration-ms="68598">
      <class name="api.test.datadriven.user.Get_API_Tests">
        <test-method signature="GetTest1(java.lang.String,java.lang.String,java.lang.String,java.lang.String,java.lang.String,java.lang.String,java.lang.String,java.lang.String)[pri:1, instance:api.test.datadriven.user.Get_API_Tests@3bf7ca37]" started-at="2024-09-11T14:21:26 IST" name="GetTest1" description="Validate that response code falls in 2XX category" data-provider="AllData" finished-at="2024-09-11T14:21:29 IST" duration-ms="2570" status="PASS">
          <params>
            <param index="0">
              <value>
                <![CDATA[101]]>
              </value>
            </param>
            <param index="1">
              <value>
                <![CDATA[testfirst1]]>
              </value>
            </param>
            <param index="2">
              <value>
                <![CDATA[testlast1]]>
              </value>
            </param>
            <param index="3">
              <value>
                <![CDATA[testuser1]]>
              </value>
            </param>
            <param index="4">
              <value>
                <![CDATA[test1@gmail.com]]>
              </value>
            </param>
            <param index="5">
              <value>
                <![CDATA[pass1]]>
              </value>
            </param>
            <param index="6">
              <value>
                <![CDATA[9878686867]]>
              </value>
            </param>
            <param index="7">
              <value>
                <![CDATA[0]]>
              </value>
            </param>
          </params>
          <reporter-output>
          </reporter-output>
        </test-method> <!-- GetTest1 -->
        <test-method signature="GetTest1(java.lang.String,java.lang.String,java.lang.String,java.lang.String,java.lang.String,java.lang.String,java.lang.String,java.lang.String)[pri:1, instance:api.test.datadriven.user.Get_API_Tests@3bf7ca37]" started-at="2024-09-11T14:21:29 IST" name="GetTest1" description="Validate that response code falls in 2XX category" data-provider="AllData" finished-at="2024-09-11T14:21:31 IST" duration-ms="2397" status="PASS">
          <params>
            <param index="0">
              <value>
                <![CDATA[102]]>
              </value>
            </param>
            <param index="1">
              <value>
                <![CDATA[testfirst2]]>
              </value>
            </param>
            <param index="2">
              <value>
                <![CDATA[testlast2]]>
              </value>
            </param>
            <param index="3">
              <value>
                <![CDATA[testuser2]]>
              </value>
            </param>
            <param index="4">
              <value>
                <![CDATA[test1@gmail.com]]>
              </value>
            </param>
            <param index="5">
              <value>
                <![CDATA[pass2]]>
              </value>
            </param>
            <param index="6">
              <value>
                <![CDATA[9878686868]]>
              </value>
            </param>
            <param index="7">
              <value>
                <![CDATA[1]]>
              </value>
            </param>
          </params>
          <reporter-output>
          </reporter-output>
        </test-method> <!-- GetTest1 -->
        <test-method signature="GetTest1(java.lang.String,java.lang.String,java.lang.String,java.lang.String,java.lang.String,java.lang.String,java.lang.String,java.lang.String)[pri:1, instance:api.test.datadriven.user.Get_API_Tests@3bf7ca37]" started-at="2024-09-11T14:21:31 IST" name="GetTest1" description="Validate that response code falls in 2XX category" data-provider="AllData" finished-at="2024-09-11T14:21:34 IST" duration-ms="2426" status="PASS">
          <params>
            <param index="0">
              <value>
                <![CDATA[103]]>
              </value>
            </param>
            <param index="1">
              <value>
                <![CDATA[testfirst3]]>
              </value>
            </param>
            <param index="2">
              <value>
                <![CDATA[testlast3]]>
              </value>
            </param>
            <param index="3">
              <value>
                <![CDATA[testuser3]]>
              </value>
            </param>
            <param index="4">
              <value>
                <![CDATA[test1@gmail.com]]>
              </value>
            </param>
            <param index="5">
              <value>
                <![CDATA[pass3]]>
              </value>
            </param>
            <param index="6">
              <value>
                <![CDATA[9878686869]]>
              </value>
            </param>
            <param index="7">
              <value>
                <![CDATA[0]]>
              </value>
            </param>
          </params>
          <reporter-output>
          </reporter-output>
        </test-method> <!-- GetTest1 -->
        <test-method signature="GetTest1(java.lang.String,java.lang.String,java.lang.String,java.lang.String,java.lang.String,java.lang.String,java.lang.String,java.lang.String)[pri:1, instance:api.test.datadriven.user.Get_API_Tests@3bf7ca37]" started-at="2024-09-11T14:21:34 IST" name="GetTest1" description="Validate that response code falls in 2XX category" data-provider="AllData" finished-at="2024-09-11T14:21:36 IST" duration-ms="2477" status="PASS">
          <params>
            <param index="0">
              <value>
                <![CDATA[104]]>
              </value>
            </param>
            <param index="1">
              <value>
                <![CDATA[testfirst4]]>
              </value>
            </param>
            <param index="2">
              <value>
                <![CDATA[testlast4]]>
              </value>
            </param>
            <param index="3">
              <value>
                <![CDATA[testuser4]]>
              </value>
            </param>
            <param index="4">
              <value>
                <![CDATA[test1@gmail.com]]>
              </value>
            </param>
            <param index="5">
              <value>
                <![CDATA[pass4]]>
              </value>
            </param>
            <param index="6">
              <value>
                <![CDATA[9878686870]]>
              </value>
            </param>
            <param index="7">
              <value>
                <![CDATA[1]]>
              </value>
            </param>
          </params>
          <reporter-output>
          </reporter-output>
        </test-method> <!-- GetTest1 -->
        <test-method signature="GetTest1(java.lang.String,java.lang.String,java.lang.String,java.lang.String,java.lang.String,java.lang.String,java.lang.String,java.lang.String)[pri:1, instance:api.test.datadriven.user.Get_API_Tests@3bf7ca37]" started-at="2024-09-11T14:21:36 IST" name="GetTest1" description="Validate that response code falls in 2XX category" data-provider="AllData" finished-at="2024-09-11T14:21:39 IST" duration-ms="2430" status="PASS">
          <params>
            <param index="0">
              <value>
                <![CDATA[105]]>
              </value>
            </param>
            <param index="1">
              <value>
                <![CDATA[testfirst5]]>
              </value>
            </param>
            <param index="2">
              <value>
                <![CDATA[testlast5]]>
              </value>
            </param>
            <param index="3">
              <value>
                <![CDATA[testuser5]]>
              </value>
            </param>
            <param index="4">
              <value>
                <![CDATA[test1@gmail.com]]>
              </value>
            </param>
            <param index="5">
              <value>
                <![CDATA[pass5]]>
              </value>
            </param>
            <param index="6">
              <value>
                <![CDATA[9878686871]]>
              </value>
            </param>
            <param index="7">
              <value>
                <![CDATA[0]]>
              </value>
            </param>
          </params>
          <reporter-output>
          </reporter-output>
        </test-method> <!-- GetTest1 -->
        <test-method signature="GetTest1(java.lang.String,java.lang.String,java.lang.String,java.lang.String,java.lang.String,java.lang.String,java.lang.String,java.lang.String)[pri:1, instance:api.test.datadriven.user.Get_API_Tests@3bf7ca37]" started-at="2024-09-11T14:21:39 IST" name="GetTest1" description="Validate that response code falls in 2XX category" data-provider="AllData" finished-at="2024-09-11T14:21:41 IST" duration-ms="2383" status="PASS">
          <params>
            <param index="0">
              <value>
                <![CDATA[106]]>
              </value>
            </param>
            <param index="1">
              <value>
                <![CDATA[testfirst6]]>
              </value>
            </param>
            <param index="2">
              <value>
                <![CDATA[testlast6]]>
              </value>
            </param>
            <param index="3">
              <value>
                <![CDATA[testuser6]]>
              </value>
            </param>
            <param index="4">
              <value>
                <![CDATA[test1@gmail.com]]>
              </value>
            </param>
            <param index="5">
              <value>
                <![CDATA[pass6]]>
              </value>
            </param>
            <param index="6">
              <value>
                <![CDATA[9878686872]]>
[...]
          <params>
            <param index="0">
              <value>
                <![CDATA[107]]>
              </value>
            </param>
            <param index="1">
              <value>
                <![CDATA[testfirst7]]>
              </value>
            </param>
            <param index="2">
              <value>
                <![CDATA[testlast7]]>
              </value>
            </param>
            <param index="3">
              <value>
                <![CDATA[testuser7]]>
              </value>
            </param>
            <param index="4">
              <value>
                <![CDATA[test1@gmail.com]]>
              </value>
            </param>
            <param index="5">
              <value>
                <![CDATA[pass7]]>
              </value>
            </param>
            <param index="6">
              <value>
                <![CDATA[9878686873]]>
              </value>
            </param>
            <param index="7">
              <value>
                <![CDATA[0]]>
              </value>
            </param>
          </params>
          <reporter-output>
          </reporter-output>
        </test-method> <!-- DeleteTest2 -->
        <test-method signature="DeleteTest2(java.lang.String,java.lang.String,java.lang.String,java.lang.String,java.lang.String,java.lang.String,java.lang.String,java.lang.String)[pri:2, instance:api.test.datadriven.user.Delete_API_Tests@55fe41ea]" started-at="2024-09-11T14:27:12 IST" name="DeleteTest2" description="Validate that response code = 200 " data-provider="AllData" finished-at="2024-09-11T14:27:14 IST" duration-ms="2333" status="PASS">
          <params>
            <param index="0">
              <value>
                <![CDATA[108]]>
              </value>
            </param>
            <param index="1">
              <value>
                <![CDATA[testfirst8]]>
              </value>
            </param>
            <param index="2">
              <value>
                <![CDATA[testlast8]]>
              </value>
            </param>
            <param index="3">
              <value>
                <![CDATA[testuser8]]>
              </value>
            </param>
            <param index="4">
              <value>
                <![CDATA[test1@gmail.com]]>
              </value>
            </param>
            <param index="5">
              <value>
                <![CDATA[pass8]]>
              </value>
            </param>
            <param index="6">
              <value>
                <![CDATA[9878686874]]>
              </value>
            </param>
            <param index="7">
              <value>
                <![CDATA[1]]>
              </value>
            </param>
          </params>
          <reporter-output>
          </reporter-output>
        </test-method> <!-- DeleteTest2 -->
        <test-method signature="DeleteTest2(java.lang.String,java.lang.String,java.lang.String,java.lang.String,java.lang.String,java.lang.String,java.lang.String,java.lang.String)[pri:2, instance:api.test.datadriven.user.Delete_API_Tests@55fe41ea]" started-at="2024-09-11T14:27:14 IST" name="DeleteTest2" description="Validate that response code = 200 " data-provider="AllData" finished-at="2024-09-11T14:27:16 IST" duration-ms="2323" status="PASS">
          <params>
            <param index="0">
              <value>
                <![CDATA[109]]>
              </value>
            </param>
            <param index="1">
              <value>
                <![CDATA[testfirst9]]>
              </value>
            </param>
            <param index="2">
              <value>
                <![CDATA[testlast9]]>
              </value>
            </param>
            <param index="3">
              <value>
                <![CDATA[testuser9]]>
              </value>
            </param>
            <param index="4">
              <value>
                <![CDATA[test1@gmail.com]]>
              </value>
            </param>
            <param index="5">
              <value>
                <![CDATA[pass9]]>
              </value>
            </param>
            <param index="6">
              <value>
                <![CDATA[9878686875]]>
              </value>
            </param>
            <param index="7">
              <value>
                <![CDATA[0]]>
              </value>
            </param>
          </params>
          <reporter-output>
          </reporter-output>
        </test-method> <!-- DeleteTest2 -->
        <test-method signature="DeleteTest3(java.lang.String,java.lang.String,java.lang.String,java.lang.String,java.lang.String,java.lang.String,java.lang.String,java.lang.String)[pri:3, instance:api.test.datadriven.user.Delete_API_Tests@55fe41ea]" started-at="2024-09-11T14:27:17 IST" name="DeleteTest3" description="Validate that response contains response body as per the req " data-provider="AllData" finished-at="2024-09-11T14:27:20 IST" duration-ms="2529" status="PASS">
          <params>
            <param index="0">
              <value>
                <![CDATA[101]]>
              </value>
            </param>
            <param index="1">
              <value>
                <![CDATA[testfirst1]]>
              </value>
            </param>
            <param index="2">
              <value>
                <![CDATA[testlast1]]>
              </value>
            </param>
            <param index="3">
              <value>
                <![CDATA[testuser1]]>
              </value>
            </param>
            <param index="4">
              <value>
                <![CDATA[test1@gmail.com]]>
              </value>
            </param>
            <param index="5">
              <value>
                <![CDATA[pass1]]>
              </value>
            </param>
            <param index="6">
              <value>
                <![CDATA[9878686867]]>
              </value>
            </param>
            <param index="7">
              <value>
                <![CDATA[0]]>
              </value>
            </param>
          </params>
          <reporter-output>
          </reporter-output>
        </test-method> <!-- DeleteTest3 -->
        <test-method signature="DeleteTest3(java.lang.String,java.lang.String,java.lang.String,java.lang.String,java.lang.String,java.lang.String,java.lang.String,java.lang.String)[pri:3, instance:api.test.datadriven.user.Delete_API_Tests@55fe41ea]" started-at="2024-09-11T14:27:20 IST" name="DeleteTest3" description="Validate that response contains response body as per the req " data-provider="AllData" finished-at="2024-09-11T14:27:22 IST" duration-ms="2430" status="PASS">
          <params>
            <param index="0">
              <value>
                <![CDATA[102]]>
              </value>
            </param>
            <param index="1">
              <value>
                <![CDATA[testfirst2]]>
              </value>
            </param>
            <param index="2">
              <value>
                <![CDATA[testlast2]]>
              </value>
            </param>
            <param index="3">
              <value>
                <![CDATA[testuser2]]>
              </value>
            </param>
            <param index="4">
              <value>
                <![CDATA[test1@gmail.com]]>
              </value>
            </param>
            <param index="5">
              <value>
                <![CDATA[pass2]]>
              </value>
            </param>
            <param index="6">
              <value>
                <![CDATA[9878686868]]>
              </value>
            </param>
            <param index="7">
              <value>
                <![CDATA[1]]>
              </value>
            </param>
          </params>
          <reporter-output>
          </reporter-output>
        </test-method> <!-- DeleteTest3 -->
        <test-method signature="DeleteTest3(java.lang.String,java.lang.String,java.lang.String,java.lang.String,java.lang.String,java.lang.String,java.lang.String,java.lang.String)[pri:3, instance:api.test.datadriven.user.Delete_API_Tests@55fe41ea]" started-at="2024-09-11T14:27:22 IST" name="DeleteTest3" description="Validate that response contains response body as per the req " data-provider="AllData" finished-at="2024-09-11T14:27:24 IST" duration-ms="2421" status="PASS">
          <params>
            <param index="0">
              <value>
                <![CDATA[103]]>
              </value>
            </param>
            <param index="1">
              <value>
                <![CDATA[testfirst3]]>
              </value>
            </param>
            <param index="2">
              <value>
                <![CDATA[testlast3]]>
              </value>
            </param>
            <param index="3">
              <value>
                <![CDATA[testuser3]]>
              </value>
            </param>
            <param index="4">
              <value>
                <![CDATA[test1@gmail.com]]>
              </value>
            </param>
            <param index="5">
              <value>
                <![CDATA[pass3]]>
              </value>
            </param>
            <param index="6">
              <value>
                <![CDATA[9878686869]]>
              </value>
            </param>
            <param index="7">
              <value>
                <![CDATA[0]]>
              </value>
            </param>
          </params>
          <reporter-output>
          </reporter-output>
        </test-method> <!-- DeleteTest3 -->
        <test-method signature="DeleteTest3(java.lang.String,java.lang.String,java.lang.String,java.lang.String,java.lang.String,java.lang.String,java.lang.String,java.lang.String)[pri:3, instance:api.test.datadriven.user.Delete_API_Tests@55fe41ea]" started-at="2024-09-11T14:27:24 IST" name="DeleteTest3" description="Validate that response contains response body as per the req " data-provider="AllData" finished-at="2024-09-11T14:27:27 IST" duration-ms="2444" status="PASS">
          <params>
            <param index="0">
              <value>
                <![CDATA[104]]>
              </value>
            </param>
            <param index="1">
              <value>
                <![CDATA[testfirst4]]>
              </value>
            </param>
            <param index="2">
              <value>
                <![CDATA[testlast4]]>
              </value>
            </param>
            <param index="3">
              <value>
                <![CDATA[testuser4]]>
              </value>
            </param>
            <param index="4">
              <value>
                <![CDATA[test1@gmail.com]]>
              </value>
            </param>
            <param index="5">
              <value>
                <![CDATA[pass4]]>
              </value>
            </param>
            <param index="6">
              <value>
                <![CDATA[9878686870]]>
              </value>
            </param>
            <param index="7">
              <value>
                <![CDATA[1]]>
              </value>
            </param>
          </params>
          <reporter-output>
          </reporter-output>
        </test-method> <!-- DeleteTest3 -->
        <test-method signature="DeleteTest3(java.lang.String,java.lang.String,java.lang.String,java.lang.String,java.lang.String,java.lang.String,java.lang.String,java.lang.String)[pri:3, instance:api.test.datadriven.user.Delete_API_Tests@55fe41ea]" started-at="2024-09-11T14:27:27 IST" name="DeleteTest3" description="Validate that response contains response body as per the req " data-provider="AllData" finished-at="2024-09-11T14:27:29 IST" duration-ms="2407" status="PASS">
          <params>
            <param index="0">
              <value>
                <![CDATA[105]]>
              </value>
            </param>
            <param index="1">
              <value>
                <![CDATA[testfirst5]]>
              </value>
            </param>
            <param index="2">
              <value>
                <![CDATA[testlast5]]>
              </value>
            </param>
            <param index="3">
              <value>
                <![CDATA[testuser5]]>
              </value>
            </param>
            <param index="4">
              <value>
                <![CDATA[test1@gmail.com]]>
              </value>
            </param>
            <param index="5">
              <value>
                <![CDATA[pass5]]>
              </value>
            </param>
            <param index="6">
              <value>
                <![CDATA[9878686871]]>
              </value>
            </param>
            <param index="7">
              <value>
                <![CDATA[0]]>
              </value>
            </param>
          </params>
          <reporter-output>
          </reporter-output>
        </test-method> <!-- DeleteTest3 -->
        <test-method signature="DeleteTest3(java.lang.String,java.lang.String,java.lang.String,java.lang.String,java.lang.String,java.lang.String,java.lang.String,java.lang.String)[pri:3, instance:api.test.datadriven.user.Delete_API_Tests@55fe41ea]" started-at="2024-09-11T14:27:29 IST" name="DeleteTest3" description="Validate that response contains response body as per the req " data-provider="AllData" finished-at="2024-09-11T14:27:32 IST" duration-ms="2444" status="PASS">
          <params>
            <param index="0">
              <value>
                <![CDATA[106]]>
              </value>
            </param>
            <param index="1">
              <value>
                <![CDATA[testfirst6]]>
              </value>
            </param>
            <param index="2">
              <value>
                <![CDATA[testlast6]]>
              </value>
            </param>
            <param index="3">
              <value>
                <![CDATA[testuser6]]>
              </value>
            </param>
            <param index="4">
              <value>
                <![CDATA[test1@gmail.com]]>
              </value>
            </param>
            <param index="5">
              <value>
                <![CDATA[pass6]]>
              </value>
            </param>
            <param index="6">
              <value>
                <![CDATA[9878686872]]>
              </value>
            </param>
            <param index="7">
              <value>
                <![CDATA[1]]>
              </value>
            </param>
          </params>
          <reporter-output>
          </reporter-output>
        </test-method> <!-- DeleteTest3 -->
        <test-method signature="DeleteTest3(java.lang.String,java.lang.String,java.lang.String,java.lang.String,java.lang.String,java.lang.String,java.lang.String,java.lang.String)[pri:3, instance:api.test.datadriven.user.Delete_API_Tests@55fe41ea]" started-at="2024-09-11T14:27:32 IST" name="DeleteTest3" description="Validate that response contains response body as per the req " data-provider="AllData" finished-at="2024-09-11T14:27:34 IST" duration-ms="2335" status="PASS">
          <params>
            <param index="0">
              <value>
                <![CDATA[107]]>
              </value>
            </param>
            <param index="1">
              <value>
                <![CDATA[testfirst7]]>
              </value>
            </param>
            <param index="2">
              <value>
                <![CDATA[testlast7]]>
              </value>
            </param>
            <param index="3">
              <value>
                <![CDATA[testuser7]]>
              </value>
            </param>
            <param index="4">
              <value>
                <![CDATA[test1@gmail.com]]>
              </value>
            </param>
            <param index="5">
              <value>
                <![CDATA[pass7]]>
              </value>
            </param>
            <param index="6">
              <value>
                <![CDATA[9878686873]]>
              </value>
            </param>
            <param index="7">
              <value>
                <![CDATA[0]]>
              </value>
            </param>
          </params>
          <reporter-output>
          </reporter-output>
        </test-method> <!-- DeleteTest3 -->
        <test-method signature="DeleteTest3(java.lang.String,java.lang.String,java.lang.String,java.lang.String,java.lang.String,java.lang.String,java.lang.String,java.lang.String)[pri:3, instance:api.test.datadriven.user.Delete_API_Tests@55fe41ea]" started-at="2024-09-11T14:27:34 IST" name="DeleteTest3" description="Validate that response contains response body as per the req " data-provider="AllData" finished-at="2024-09-11T14:27:36 IST" duration-ms="2397" status="PASS">
          <params>
            <param index="0">
              <value>
                <![CDATA[108]]>
              </value>
            </param>
            <param index="1">
              <value>
                <![CDATA[testfirst8]]>
              </value>
            </param>
            <param index="2">
              <value>
                <![CDATA[testlast8]]>
              </value>
            </param>
            <param index="3">
              <value>
                <![CDATA[testuser8]]>
              </value>
            </param>
            <param index="4">
              <value>
                <![CDATA[test1@gmail.com]]>
              </value>
            </param>
            <param index="5">
              <value>
                <![CDATA[pass8]]>
              </value>
            </param>
            <param index="6">
              <value>
                <![CDATA[9878686874]]>
              </value>
            </param>
            <param index="7">
              <value>
                <![CDATA[1]]>
              </value>
            </param>
          </params>
          <reporter-output>
          </reporter-output>
        </test-method> <!-- DeleteTest3 -->
        <test-method signature="DeleteTest3(java.lang.String,java.lang.String,java.lang.String,java.lang.String,java.lang.String,java.lang.String,java.lang.String,java.lang.String)[pri:3, instance:api.test.datadriven.user.Delete_API_Tests@55fe41ea]" started-at="2024-09-11T14:27:36 IST" name="DeleteTest3" description="Validate that response contains response body as per the req " data-provider="AllData" finished-at="2024-09-11T14:27:39 IST" duration-ms="2400" status="PASS">
          <params>
            <param index="0">
              <value>
                <![CDATA[109]]>
              </value>
            </param>
            <param index="1">
              <value>
                <![CDATA[testfirst9]]>
              </value>
            </param>
            <param index="2">
              <value>
                <![CDATA[testlast9]]>
              </value>
            </param>
            <param index="3">
              <value>
                <![CDATA[testuser9]]>
              </value>
            </param>
            <param index="4">
              <value>
                <![CDATA[test1@gmail.com]]>
              </value>
            </param>
            <param index="5">
              <value>
                <![CDATA[pass9]]>
              </value>
            </param>
            <param index="6">
              <value>
                <![CDATA[9878686875]]>
              </value>
            </param>
            <param index="7">
              <value>
                <![CDATA[0]]>
              </value>
            </param>
          </params>
          <reporter-output>
          </reporter-output>
        </test-method> <!-- DeleteTest3 -->
      </class> <!-- api.test.datadriven.user.Delete_API_Tests -->
    </test> <!-- DELETE API -->
  </suite> <!-- Suite -->
</testng-results>
